
=== Thu Jan 30 15:25:53 2025

Packages were changed.
Update Mode: updateDependencies

The following packages were added:
  com.unity.ai.navigation@1.1.5
The following packages were updated:
  com.unity.collab-proxy from version 1.3.9 to 2.1.0
  com.unity.ide.rider from version 1.2.1 to 3.0.25
  com.unity.ide.visualstudio from version 2.0.3 to 2.0.21
  com.unity.ide.vscode from version 1.2.3 to 1.2.5
  com.unity.postprocessing from version 2.3.0 to 3.2.2
  com.unity.terrain-tools from version 3.0.2-preview.3 to 5.0.1
  com.unity.test-framework from version 1.1.18 to 1.1.33
  com.unity.textmeshpro from version 3.0.3 to 3.0.6
  com.unity.timeline from version 1.3.6 to 1.7.5

=== Thu Jan 30 15:46:51 2025

Packages were changed.
Update Mode: updateDependencies

The following packages were updated:
  com.unity.postprocessing from version 2.3.0 to 3.2.2
